<?xml version="1.0" encoding="UTF-8"?>
<!-- Generated by org.testng.reporters.JUnitReportReporter -->
<testsuite skipped="0" hostname="BDC8-DX-41YPX52" name="Test1" tests="1" failures="0" timestamp="17 Jul 2018 09:41:14 GMT" time="15.509" errors="0">
  <testcase name="test" time="15.509" classname="Test1"/>
</testsuite> <!-- Test1 -->
